2022-08-17 17:37:58,375 INFO client.py Запущен клиент с парамертами: адрес сервера: 127.0.0.1 , порт: 7777, имя пользователя: test1
2022-08-17 17:37:58,479 INFO client.py Запущен клиент с парамертами: адрес сервера: 127.0.0.1 , порт: 7777, имя пользователя: test2
2022-08-17 17:37:58,523 INFO client.py Запущен клиент с парамертами: адрес сервера: 127.0.0.1 , порт: 7777, имя пользователя: test3
2022-08-17 17:37:58,573 INFO transport.py Попытка подключения №1
2022-08-17 17:37:58,582 DEBUG transport.py Установлено соединение с сервером
2022-08-17 17:37:58,601 DEBUG transport.py Сформировано presence сообщение для пользователя test1
2022-08-17 17:37:58,801 INFO transport.py Попытка подключения №1
2022-08-17 17:37:58,803 DEBUG transport.py Установлено соединение с сервером
2022-08-17 17:37:58,803 DEBUG transport.py Сформировано presence сообщение для пользователя test2
2022-08-17 17:37:59,038 DEBUG transport.py Разбор сообщения от сервера: {'response': 200}
2022-08-17 17:37:59,038 INFO transport.py Соединение с сервером успешно установлено.
2022-08-17 17:37:59,040 DEBUG transport.py Запрос списка известных пользователей test1
2022-08-17 17:37:59,292 DEBUG transport.py Разбор сообщения от сервера: {'response': 200}
2022-08-17 17:37:59,292 INFO transport.py Соединение с сервером успешно установлено.
2022-08-17 17:37:59,293 DEBUG transport.py Запрос списка известных пользователей test2
2022-08-17 17:37:59,522 INFO transport.py Попытка подключения №1
2022-08-17 17:37:59,523 DEBUG transport.py Установлено соединение с сервером
2022-08-17 17:37:59,523 DEBUG transport.py Сформировано presence сообщение для пользователя test3
2022-08-17 17:37:59,808 DEBUG transport.py Запрос контакт листа для пользователя Thread-1
2022-08-17 17:37:59,809 DEBUG transport.py Сформирован запрос {'action': 'get_contacts', 'time': 1660747079.8092139, 'user': 'test1'}
2022-08-17 17:37:59,813 DEBUG transport.py Запрос контакт листа для пользователя Thread-1
2022-08-17 17:37:59,813 DEBUG transport.py Сформирован запрос {'action': 'get_contacts', 'time': 1660747079.8132126, 'user': 'test2'}
2022-08-17 17:37:59,976 DEBUG transport.py Разбор сообщения от сервера: {'response': 200}
2022-08-17 17:37:59,976 INFO transport.py Соединение с сервером успешно установлено.
2022-08-17 17:37:59,977 DEBUG transport.py Запрос списка известных пользователей test3
2022-08-17 17:38:00,484 DEBUG transport.py Получен ответ {'response': 202, 'data_list': ['test2']}
2022-08-17 17:38:00,491 DEBUG transport.py Получен ответ {'response': 202, 'data_list': ['test1']}
2022-08-17 17:38:00,773 DEBUG transport.py Запущен процесс - приёмник сообщений с сервера.
2022-08-17 17:38:00,797 DEBUG transport.py Запрос контакт листа для пользователя Thread-1
2022-08-17 17:38:00,797 DEBUG transport.py Сформирован запрос {'action': 'get_contacts', 'time': 1660747080.797854, 'user': 'test3'}
2022-08-17 17:38:00,833 DEBUG transport.py Запущен процесс - приёмник сообщений с сервера.
2022-08-17 17:38:00,994 DEBUG transport.py Получен ответ {'response': 202, 'data_list': []}
2022-08-17 17:38:01,001 DEBUG transport.py Запущен процесс - приёмник сообщений с сервера.
2022-08-17 17:39:07,801 DEBUG transport.py Запрос списка известных пользователей test2
2022-08-17 17:39:08,229 DEBUG add_contact.py Обновление списка пользователей с сервера выполнено
2022-08-17 17:39:08,471 DEBUG transport.py Запрос списка известных пользователей test2
2022-08-17 17:39:09,229 DEBUG add_contact.py Обновление списка пользователей с сервера выполнено
2022-08-17 17:39:09,237 DEBUG transport.py Запрос списка известных пользователей test2
2022-08-17 17:39:09,713 DEBUG add_contact.py Обновление списка пользователей с сервера выполнено
2022-08-17 17:39:09,719 DEBUG transport.py Запрос списка известных пользователей test2
2022-08-17 17:39:10,712 DEBUG add_contact.py Обновление списка пользователей с сервера выполнено
2022-08-17 17:39:10,718 DEBUG transport.py Запрос списка известных пользователей test2
2022-08-17 17:39:11,228 DEBUG add_contact.py Обновление списка пользователей с сервера выполнено
2022-08-17 17:39:11,863 DEBUG transport.py Создание контакта test3
2022-08-17 17:39:12,238 DEBUG transport.py Разбор сообщения от сервера: {'response': 200}
2022-08-17 17:39:12,380 INFO main_window.py Успешно добавлен контакт <PyQt5.QtGui.QStandardItem object at 0x0000027E8E5D2AF0>
2022-08-17 17:39:18,005 DEBUG transport.py Запрос списка известных пользователей test2
2022-08-17 17:39:18,436 DEBUG add_contact.py Обновление списка пользователей с сервера выполнено
2022-08-17 17:39:20,262 DEBUG transport.py Запрос списка известных пользователей test2
2022-08-17 17:39:20,933 DEBUG add_contact.py Обновление списка пользователей с сервера выполнено
2022-08-17 17:39:20,939 DEBUG transport.py Запрос списка известных пользователей test2
2022-08-17 17:39:21,439 DEBUG add_contact.py Обновление списка пользователей с сервера выполнено
2022-08-17 17:39:22,506 DEBUG transport.py Запрос списка известных пользователей test2
2022-08-17 17:39:22,920 DEBUG add_contact.py Обновление списка пользователей с сервера выполнено
2022-08-17 17:39:23,689 DEBUG transport.py Запрос списка известных пользователей test2
2022-08-17 17:39:23,977 DEBUG add_contact.py Обновление списка пользователей с сервера выполнено
2022-08-17 17:39:23,982 DEBUG transport.py Запрос списка известных пользователей test2
2022-08-17 17:39:24,412 DEBUG add_contact.py Обновление списка пользователей с сервера выполнено
2022-08-17 17:39:24,419 DEBUG transport.py Запрос списка известных пользователей test2
2022-08-17 17:39:24,912 DEBUG add_contact.py Обновление списка пользователей с сервера выполнено
2022-08-17 17:39:26,133 DEBUG transport.py Создание контакта User
2022-08-17 17:39:26,462 DEBUG transport.py Разбор сообщения от сервера: {'response': 200}
2022-08-17 17:39:26,646 INFO main_window.py Успешно добавлен контакт <PyQt5.QtGui.QStandardItem object at 0x0000027E8FF65C10>
2022-08-17 17:39:32,055 DEBUG transport.py Запрос списка известных пользователей test2
2022-08-17 17:39:32,627 DEBUG add_contact.py Обновление списка пользователей с сервера выполнено
2022-08-17 17:39:33,279 DEBUG transport.py Запрос списка известных пользователей test2
2022-08-17 17:39:33,674 DEBUG add_contact.py Обновление списка пользователей с сервера выполнено
2022-08-17 17:39:33,678 DEBUG transport.py Запрос списка известных пользователей test2
2022-08-17 17:39:34,119 DEBUG add_contact.py Обновление списка пользователей с сервера выполнено
2022-08-17 17:39:54,760 DEBUG transport.py Сформирован словарь сообщения: {'action': 'message', 'from': 'test2', 'to': 'test3', 'time': 1660747194.7602844, 'mess_text': 'privet 1'}
2022-08-17 17:39:55,196 DEBUG transport.py Разбор сообщения от сервера: {'response': 200}
2022-08-17 17:39:55,196 DEBUG transport.py Принято сообщение с сервера: {'action': 'message', 'from': 'test2', 'to': 'test3', 'time': 1660747194.7602844, 'mess_text': 'privet 1'}
2022-08-17 17:39:55,196 DEBUG transport.py Разбор сообщения от сервера: {'action': 'message', 'from': 'test2', 'to': 'test3', 'time': 1660747194.7602844, 'mess_text': 'privet 1'}
2022-08-17 17:39:55,197 DEBUG transport.py Получено сообщение от пользователя test2:privet 1
2022-08-17 17:39:55,196 INFO transport.py Отправлено сообщение для пользователя test3
2022-08-17 17:39:55,467 DEBUG main_window.py Отправлено сообщение для test3: privet 1
2022-08-17 17:40:03,233 DEBUG transport.py Создание контакта test2
2022-08-17 17:40:03,891 DEBUG transport.py Разбор сообщения от сервера: {'response': 200}
2022-08-17 17:40:04,072 INFO main_window.py Успешно добавлен контакт <PyQt5.QtGui.QStandardItem object at 0x0000018CD06A7280>
2022-08-17 17:40:12,901 DEBUG transport.py Запрос списка известных пользователей test3
2022-08-17 17:40:13,580 DEBUG add_contact.py Обновление списка пользователей с сервера выполнено
2022-08-17 17:40:14,638 DEBUG transport.py Запрос списка известных пользователей test3
2022-08-17 17:40:15,070 DEBUG add_contact.py Обновление списка пользователей с сервера выполнено
2022-08-17 17:40:15,074 DEBUG transport.py Запрос списка известных пользователей test3
2022-08-17 17:40:16,038 DEBUG add_contact.py Обновление списка пользователей с сервера выполнено
2022-08-17 17:40:16,047 DEBUG transport.py Запрос списка известных пользователей test3
2022-08-17 17:40:16,570 DEBUG add_contact.py Обновление списка пользователей с сервера выполнено
2022-08-17 17:40:16,574 DEBUG transport.py Запрос списка известных пользователей test3
2022-08-17 17:40:17,545 DEBUG add_contact.py Обновление списка пользователей с сервера выполнено
2022-08-17 17:40:22,044 DEBUG transport.py Создание контакта test1
2022-08-17 17:40:22,610 DEBUG transport.py Разбор сообщения от сервера: {'response': 200}
2022-08-17 17:40:22,812 INFO main_window.py Успешно добавлен контакт <PyQt5.QtGui.QStandardItem object at 0x0000018CD073BDC0>
2022-08-17 17:40:39,295 DEBUG transport.py Сформирован словарь сообщения: {'action': 'message', 'from': 'test3', 'to': 'test1', 'time': 1660747239.2951734, 'mess_text': 'Priver from test3'}
2022-08-17 17:40:39,816 DEBUG transport.py Разбор сообщения от сервера: {'response': 200}
2022-08-17 17:40:39,816 INFO transport.py Отправлено сообщение для пользователя test1
2022-08-17 17:40:39,817 DEBUG transport.py Принято сообщение с сервера: {'action': 'message', 'from': 'test3', 'to': 'test1', 'time': 1660747239.2951734, 'mess_text': 'Priver from test3'}
2022-08-17 17:40:39,817 DEBUG transport.py Разбор сообщения от сервера: {'action': 'message', 'from': 'test3', 'to': 'test1', 'time': 1660747239.2951734, 'mess_text': 'Priver from test3'}
2022-08-17 17:40:39,817 DEBUG transport.py Получено сообщение от пользователя test3:Priver from test3
2022-08-17 17:40:40,027 DEBUG main_window.py Отправлено сообщение для test1: Priver from test3
2022-08-17 17:40:42,223 DEBUG transport.py Создание контакта test3
2022-08-17 17:40:42,480 DEBUG transport.py Разбор сообщения от сервера: {'response': 200}
2022-08-17 17:40:42,639 INFO main_window.py Успешно добавлен контакт <PyQt5.QtGui.QStandardItem object at 0x00000112D82C0A60>
2022-08-17 17:41:18,517 DEBUG transport.py Сформирован словарь сообщения: {'action': 'message', 'from': 'test1', 'to': 'test2', 'time': 1660747278.5170488, 'mess_text': 'what happening?'}
2022-08-17 17:41:19,187 DEBUG transport.py Разбор сообщения от сервера: {'response': 200}
2022-08-17 17:41:19,188 INFO transport.py Отправлено сообщение для пользователя test2
2022-08-17 17:41:19,269 DEBUG transport.py Принято сообщение с сервера: {'action': 'message', 'from': 'test1', 'to': 'test2', 'time': 1660747278.5170488, 'mess_text': 'what happening?'}
2022-08-17 17:41:19,269 DEBUG transport.py Разбор сообщения от сервера: {'action': 'message', 'from': 'test1', 'to': 'test2', 'time': 1660747278.5170488, 'mess_text': 'what happening?'}
2022-08-17 17:41:19,269 DEBUG transport.py Получено сообщение от пользователя test1:what happening?
2022-08-17 17:41:19,390 DEBUG main_window.py Отправлено сообщение для test2: what happening?
2022-08-17 17:41:31,253 DEBUG transport.py Транспорт завершает работу.
2022-08-17 17:41:31,864 DEBUG transport.py Транспорт завершает работу.
2022-08-17 17:41:31,904 DEBUG transport.py Потеряно соединение с сервером.
2022-08-17 17:41:32,991 DEBUG transport.py Транспорт завершает работу.
